#-----------------------------------------------------------
# Vivado v2017.4 (64-bit)
# SW Build 2086221 on Fri Dec 15 20:55:39 MST 2017
# IP Build 2085800 on Fri Dec 15 22:25:07 MST 2017
# Start of session at: Sat Jul 13 11:00:43 2024
# Process ID: 13904
# Current directory: C:/Users/anura/ADC_8Bits
# Command line: vivado.exe -gui_launcher_event rodinguilauncherevent16112 C:\Users\anura\ADC_8Bits\ADC_8Bits.xpr
# Log file: C:/Users/anura/ADC_8Bits/vivado.log
# Journal file: C:/Users/anura/ADC_8Bits\vivado.jou
#-----------------------------------------------------------
start_guopopen_project C:/Users/anura/ADC_8Bits/ADC_8Bits.xpr
Scanning sources...
Finished scanning sources
INFO: [IP_Flow 19-234] Refreshing IP repositories
INFO: [IP_Flow 19-1704] No user IP repositories specified
INFO: [IP_Flow 19-2313] Loaded Vivado IP repository 'D:/Xilinx/Vivado/2017.4/data/ip'.
update_compile_order -fileset sources_1
exit
INFO: [Common 17-206] Exiting Vivado at Sat Jul 13 11:17:56 2024...
mpile_order -fileset sources_1
exit
INFO: [Common 17-206] Exiting Vivado at Sat Jul 13 11:04:46 2024...
